C51 COMPILER V9.54   TOOL                                                                  03/10/2023 14:35:16 PAGE 1   


C51 COMPILER V9.54, COMPILATION OF MODULE TOOL
OBJECT MODULE PLACED IN .\Objects\Tool.obj
COMPILER INVOKED BY: D:\Keil5\Keil5 C51\C51\BIN\C51.EXE Tool.c OPTIMIZE(8,SPEED) BROWSE DEBUG OBJECTEXTEND PRINT(.\Listi
                    -ngs\Tool.lst) TABS(2) OBJECT(.\Objects\Tool.obj)

line level    source

   1          #include <REGX52.H>
   2          
   3          
   4          /** 
   5            * @brief  2.æ¨¡å—åŒ–æ•°ç ç®¡æ“ä½œ
   6            * @param  NumberæŽ§åˆ¶æ•°ç ç®¡æ˜¾ç¤ºçš„æ•°å­—(å‡½æ•°NixieTable)ï¼ŒLocationé€‰æ‹©å¯¹åº”çš„æ•°ç ç®¡ï¼ŒNu
             -mberä½œç”¨æ•ˆæžœ(Nixie)
   7            * @retval NixieTable(Number)æŽ§åˆ¶æ•°ç ç®¡æ˜¾ç¤ºæ•°å€¼,Nixie(Location,Number)æŽ§åˆ¶é€‰å®šæ•°ç ç®¡
   8            * @explain P0ç«¯æŽ§åˆ¶æ˜¾ç¤ºå¯¹åº”æ•°å€¼ï¼ŒP2_2 ~ P2_4æŽ§åˆ¶æ•°ç ç®¡çš„é€‰æ‹©ï¼Œé€šè¿‡3ä¸ªç«¯å£è¾“å…¥ä
             -ºŒè¿›åˆ¶ä»£ç ï¼Œç”¨è¯‘ç å™¨è¾“å‡º8ç§çŠ¶æ€      
   9            */
  10          
  11          //æ•°ç ç®¡æ˜¾ç¤ºç¼“å­˜åŒº
  12          unsigned char Nixie_Buf[9]={0,10,10,10,10,10,10,10,10};
  13          
  14          //æ•°ç ç®¡æ®µç è¡¨
  15          unsigned char NixieTable[]={0x3F,0x06,0x5B,0x4F,0x66,0x6D,0x7D,0x07,0x7F,0x6F,0x00,0x40};
  16          
  17          //æŽ§åˆ¶é€‰å®šæ•°ç ç®¡
  18          void Nixie(unsigned char Location,unsigned char Number)
  19          { P0=0x00;
  20   1         switch(Location)
  21   1        {
  22   2          case 1: P2_4=1;P2_3=1;P2_2=1;break;
  23   2          case 2: P2_4=1;P2_3=1;P2_2=0;break;
  24   2          case 3: P2_4=1;P2_3=0;P2_2=1;break;
  25   2          case 4: P2_4=1;P2_3=0;P2_2=0;break;
  26   2          case 5: P2_4=0;P2_3=1;P2_2=1;break;
  27   2          case 6: P2_4=0;P2_3=1;P2_2=0;break;
  28   2          case 7: P2_4=0;P2_3=0;P2_2=1;break;
  29   2          case 8: P2_4=0;P2_3=0;P2_2=0;break;
  30   2        }
  31   1        P0=NixieTable[Number];  //æ®µç è¾“å‡º
  32   1      }
  33          
  34          
  35          void Nixie_Loop(void)
  36          {
  37   1        static unsigned char i = 1;
  38   1        Nixie(i,Nixie_Buf[i]);
  39   1        i++;
  40   1        if(i>=9){i=1;}
  41   1      }
  42          
  43          void Nixie_SetBuf(unsigned char Location,Number)
  44          {
  45   1        Nixie_Buf[Location] = Number;
  46   1      }
  47          


MODULE INFORMATION:   STATIC OVERLAYABLE
   CODE SIZE        =    136    ----
   CONSTANT SIZE    =   ----    ----
C51 COMPILER V9.54   TOOL                                                                  03/10/2023 14:35:16 PAGE 2   

   XDATA SIZE       =   ----    ----
   PDATA SIZE       =   ----    ----
   DATA SIZE        =     22    ----
   IDATA SIZE       =   ----    ----
   BIT SIZE         =   ----    ----
END OF MODULE INFORMATION.


C51 COMPILATION COMPLETE.  0 WARNING(S),  0 ERROR(S)
