C51 COMPILER V9.54   KEY                                                                   10/20/2023 18:16:04 PAGE 1   


C51 COMPILER V9.54, COMPILATION OF MODULE KEY
OBJECT MODULE PLACED IN .\Objects\Key.obj
COMPILER INVOKED BY: D:\c51\C51\BIN\C51.EXE Key.c OPTIMIZE(8,SPEED) BROWSE DEBUG OBJECTEXTEND PRINT(.\Listings\Key.lst) 
                    -TABS(2) OBJECT(.\Objects\Key.obj)

line level    source

   1          #include <regx52.h>
   2          
   3          void Delay(unsigned int xms)    //@12.000MHz
   4          {
   5   1        unsigned char i, j;
   6   1        while(xms)
   7   1        {
   8   2          i = 2;
   9   2          j = 239;
  10   2          do
  11   2          {
  12   3            while (--j);
  13   3          }while (--i);
  14   2          xms--;
  15   2        } 
  16   1      }
  17          
  18          unsigned char KEY()
  19          {
  20   1        unsigned char KeyNumber = 0;
  21   1        P1 = 0xFF;
  22   1        P1_3 = 0;
  23   1        if(P1_7 == 0){Delay(20);while(P1_7==0);Delay(20);KeyNumber = 1;}
  24   1        if(P1_6 == 0){Delay(20);while(P1_6==0);Delay(20);KeyNumber = 5;}
  25   1        if(P1_5 == 0){Delay(20);while(P1_5==0);Delay(20);KeyNumber = 9;}
  26   1        if(P1_4 == 0){Delay(20);while(P1_4==0);Delay(20);KeyNumber = 13;}
  27   1        
  28   1        P1 = 0xFF;
  29   1        P1_2 = 0;
  30   1        if(P1_7 == 0){Delay(20);while(P1_7==0);Delay(20);KeyNumber = 2;}
  31   1        if(P1_6 == 0){Delay(20);while(P1_6==0);Delay(20);KeyNumber = 6;}
  32   1        if(P1_5 == 0){Delay(20);while(P1_5==0);Delay(20);KeyNumber = 10;}
  33   1        if(P1_4 == 0){Delay(20);while(P1_4==0);Delay(20);KeyNumber = 14;}
  34   1        
  35   1        P1 = 0xFF;
  36   1        P1_1 = 0;
  37   1        if(P1_7 == 0){Delay(20);while(P1_7==0);Delay(20);KeyNumber = 3;}
  38   1        if(P1_6 == 0){Delay(20);while(P1_6==0);Delay(20);KeyNumber = 7;}
  39   1        if(P1_5 == 0){Delay(20);while(P1_5==0);Delay(20);KeyNumber = 11;}
  40   1        if(P1_4 == 0){Delay(20);while(P1_4==0);Delay(20);KeyNumber = 15;}
  41   1        
  42   1        P1 = 0xFF;
  43   1        P1_0 = 0;
  44   1        if(P1_7 == 0){Delay(20);while(P1_7==0);Delay(20);KeyNumber = 4;}
  45   1        if(P1_6 == 0){Delay(20);while(P1_6==0);Delay(20);KeyNumber = 8;}
  46   1        if(P1_5 == 0){Delay(20);while(P1_5==0);Delay(20);KeyNumber = 12;}
  47   1        if(P1_4 == 0){Delay(20);while(P1_4==0);Delay(20);KeyNumber = 16;}
  48   1        
  49   1        return KeyNumber;
  50   1      }


MODULE INFORMATION:   STATIC OVERLAYABLE
   CODE SIZE        =    276    ----
C51 COMPILER V9.54   KEY                                                                   10/20/2023 18:16:04 PAGE 2   

   CONSTANT SIZE    =   ----    ----
   XDATA SIZE       =   ----    ----
   PDATA SIZE       =   ----    ----
   DATA SIZE        =   ----    ----
   IDATA SIZE       =   ----    ----
   BIT SIZE         =   ----    ----
END OF MODULE INFORMATION.


C51 COMPILATION COMPLETE.  0 WARNING(S),  0 ERROR(S)
