C51 COMPILER V9.54   MAIN                                                                  10/20/2023 18:16:04 PAGE 1   


C51 COMPILER V9.54, COMPILATION OF MODULE MAIN
OBJECT MODULE PLACED IN .\Objects\main.obj
COMPILER INVOKED BY: D:\c51\C51\BIN\C51.EXE main.c OPTIMIZE(8,SPEED) BROWSE DEBUG OBJECTEXTEND PRINT(.\Listings\main.lst
                    -) TABS(2) OBJECT(.\Objects\main.obj)

line level    source

   1          #include <regx52.h>
   2          #include <key.h>
   3          #include <lcd1602.h>
   4          
   5          unsigned char KeyNum;
   6          unsigned int Password = 1234;
   7          unsigned int count;
   8          unsigned int word ;
   9          
  10          void main()
  11          {
  12   1        unsigned int num = 1000;
  13   1        
  14   1        LCD_Init();
  15   1        LCD_ShowNum(1,1,Password,4);
  16   1        LCD_ShowString(1,5,"password");
  17   1        while(1)
  18   1        {
  19   2          KeyNum = KEY();
  20   2          if(KeyNum)
  21   2          {
  22   3            if(KeyNum<=10)
  23   3            {
  24   4              if(count<4)
  25   4              {
  26   5                word *= 10;
  27   5                word += KeyNum%10;
  28   5                count++;
  29   5              }
  30   4              
  31   4              LCD_ShowNum(2,1,word,4);
  32   4              if(word == Password)
  33   4              {
  34   5                LCD_ShowString(2,10,"OK");
  35   5              }
  36   4              else
  37   4              {
  38   5                LCD_ShowString(2,10,"NO");
  39   5              }
  40   4            }
  41   3          }
  42   2        }
  43   1        
  44   1      }


MODULE INFORMATION:   STATIC OVERLAYABLE
   CODE SIZE        =    154    ----
   CONSTANT SIZE    =     15    ----
   XDATA SIZE       =   ----    ----
   PDATA SIZE       =   ----    ----
   DATA SIZE        =      7       2
   IDATA SIZE       =   ----    ----
   BIT SIZE         =   ----    ----
C51 COMPILER V9.54   MAIN                                                                  10/20/2023 18:16:04 PAGE 2   

END OF MODULE INFORMATION.


C51 COMPILATION COMPLETE.  0 WARNING(S),  0 ERROR(S)
