C51 COMPILER V9.54   MAIN                                                                  01/20/2023 19:23:45 PAGE 1   


C51 COMPILER V9.54, COMPILATION OF MODULE MAIN
OBJECT MODULE PLACED IN .\Objects\main.obj
COMPILER INVOKED BY: D:\硬件\Keil5 C51\C51\BIN\C51.EXE main.c OPTIMIZE(8,SPEED) BROWSE DEBUG OBJECTEXTEND PRINT(.\Listin
                    -gs\main.lst) TABS(2) OBJECT(.\Objects\main.obj)

line level    source

   1          #include <REGX52.H>
   2          
   3          //重置命名对应端口号
   4          
   5          sbit RCLK_1 = P3^5;     //根据时钟信号使输入缓冲器搬入输出缓冲器
   6          sbit SERCLK = P3^6;   //根据时钟信号使数据下移8次
   7          sbit SER  = P3^4;     //输入数据断 
   8          
   9          
  10          //配置74HC595,即控制阳极
  11          void _74HC595_WriteByte(unsigned char Byte)
  12          {
  13   1        unsigned char i=0 ;
  14   1        for(i=0;i<8;i++)
  15   1        { 
  16   2          //SER是位，当它被赋于大1的数，非零即1
  17   2          //通过下面算法得到每个位的0/1，算法总结
  18   2          SER = Byte & (0x80>>i); //被于有 0x80，0x40，0x20.....
  19   2          SERCLK = 1; //打开赋给时钟信号1，使数据向下移
  20   2          SERCLK = 0; //恢复0
  21   2        }
  22   1        
  23   1        RCLK_1 = 1;
  24   1        RCLK_1 = 0;
  25   1        
  26   1        //0x80 1000 0000  Byte 1001 1100
  27   1        
  28   1      }
  29          
  30          void Delay(unsigned int xms)    //@12.000MHz
  31          {
  32   1        unsigned char i, j;
  33   1        while(xms)
  34   1        {
  35   2          i = 2;
  36   2          j = 239;
  37   2          do
  38   2          {
  39   3            while (--j);
  40   3          }while (--i);
  41   2          xms--;
  42   2        } 
  43   1      }
  44          
  45          void show_LEDcolumn(unsigned char Column,unsigned char Data)
  46          {
  47   1        _74HC595_WriteByte(Data); //设置阳极,一列的LED亮
  48   1        P0 = ~(0x80>>Column);     //设置阴极,哪一列亮
  49   1        
  50   1        //消影
  51   1        Delay(1);
  52   1        P0 = 0xFF;
  53   1      }
  54          
C51 COMPILER V9.54   MAIN                                                                  01/20/2023 19:23:45 PAGE 2   

  55          void main()
  56          {
  57   1        SERCLK = 0;
  58   1        RCLK_1 = 0;
  59   1        
  60   1        while(1)
  61   1        {
  62   2          show_LEDcolumn(0,0x3C);
  63   2          show_LEDcolumn(1,0x42);
  64   2          show_LEDcolumn(2,0xA9);
  65   2          show_LEDcolumn(3,0x85);
  66   2          show_LEDcolumn(4,0x85);
  67   2          show_LEDcolumn(5,0xA9);
  68   2          show_LEDcolumn(6,0x42);
  69   2          show_LEDcolumn(7,0x3C);
  70   2        }
  71   1      }


MODULE INFORMATION:   STATIC OVERLAYABLE
   CODE SIZE        =    163    ----
   CONSTANT SIZE    =   ----    ----
   XDATA SIZE       =   ----    ----
   PDATA SIZE       =   ----    ----
   DATA SIZE        =   ----    ----
   IDATA SIZE       =   ----    ----
   BIT SIZE         =   ----    ----
END OF MODULE INFORMATION.


C51 COMPILATION COMPLETE.  0 WARNING(S),  0 ERROR(S)
