C51 COMPILER V9.54   DS1302                                                                10/23/2023 14:43:31 PAGE 1   


C51 COMPILER V9.54, COMPILATION OF MODULE DS1302
OBJECT MODULE PLACED IN .\Objects\DS1302.obj
COMPILER INVOKED BY: D:\c51\C51\BIN\C51.EXE DS1302.c OPTIMIZE(8,SPEED) BROWSE DEBUG OBJECTEXTEND PRINT(.\Listings\DS1302
                    -.lst) TABS(2) OBJECT(.\Objects\DS1302.obj)

line level    source

   1          #include <REGX52.H>
   2          #include "LCD1602.h"
   3          #include "Timer0.h"
   4          
   5          sbit  DS1302_SCLK = P3^6;       //时序端口
   6          sbit  DS1302_IO   = P3^4;       //输入输出端
   7          sbit  DS1302_CE   = P3^5;       //使能控制端
   8          
   9          //写入命令指令
  10          #define DS1302_SECOND    0x80   //写入秒     
  11          #define DS1302_MINUTE    0x82   //写入分钟
  12          #define DS1302_HOUR      0x84   //写入小时
  13          #define DS1302_DATE      0x86   //写入日
  14          #define DS1302_MONTH     0x88   //写入月
  15          #define DS1302_DAY       0x8A   //写入星期
  16          #define DS1302_YEAR      0x8C   //写入年
  17          #define DS1302_WP        0x8E   //写保护状态
  18          //读入命令，为了减少定义，只要将低8位的0位置置1，即为读
  19          
  20          unsigned char DS1302_Time[] = {23,3,21,10,29,30,2};
  21          
  22          //初始化DS1302,将控制使能，时序端置0
  23          void DS1302_Init(void)
  24          {
  25   1          DS1302_CE = 0;
  26   1          DS1302_SCLK = 0;
  27   1      }
  28          
  29          //写入数据到DS1302存储器件中，写入命令指令和数据都是向上沿有效
  30          //程序将信号输入到I0口上，DS1302接收数据无需关心
  31          void DS1302_WriteByte(unsigned char Command,Data)
  32          {
  33   1          unsigned char i;
  34   1          DS1302_CE = 1;          //使能端置1，表时序过程有效
  35   1          //写入命令指令
  36   1          for (i = 0;i < 8;i++)
  37   1          {   
  38   2              DS1302_IO = Command & (0x01<<i);//传入一位比特位放入IO，0x01与Command进行位运算,Co
             -mmand对应的位为1就是1,0就是0
  39   2              DS1302_SCLK = 1;    //开始SCLK就是0,置1代表数据有效，再置0恢复状态
  40   2              DS1302_SCLK = 0;
  41   2          }
  42   1          //写入数据
  43   1          for(i = 0;i<8;i++)
  44   1          {
  45   2              DS1302_IO = Data & (0x01<<i);
  46   2              DS1302_SCLK = 1;
  47   2              DS1302_SCLK = 0;
  48   2          }
  49   1         DS1302_CE = 0;
  50   1      }
  51          
  52          //读出数据，包含写入命令指令(上沿有效)，读出数据(下沿有效)
  53          //无需关心DS1302怎么发出数据的，当指令写入读数据时，DS1302开始写入数据，只
C51 COMPILER V9.54   DS1302                                                                10/23/2023 14:43:31 PAGE 2   

             -接收即可
  54          unsigned char DS1302_ReadByte(unsigned char Command)
  55          {
  56   1          unsigned char i ,Data = 0x00;
  57   1          //第0位表示读写，0为写，1位读
  58   1          Command |= 0x01;//设置读的功能，能运用define
  59   1          DS1302_CE = 1;
  60   1          for(i = 0;i < 8;i++)
  61   1          {
  62   2              DS1302_IO = Command & (0x01<<i);
  63   2              DS1302_SCLK = 0;  //与上述相同，改变0/1位置，但效果不变，使读数据的下沿有
             -效，不产生冲突
  64   2              DS1302_SCLK = 1;                
  65   2          }
  66   1      
  67   1          //读出数据
  68   1          for(i = 0;i < 8;i++)
  69   1          {   
  70   2              DS1302_SCLK = 1;
  71   2              DS1302_SCLK = 0;   
  72   2              if(DS1302_IO) {Data |= (0x01<<i);} //当DS1302_IO为1时，Data对应的位置置1，当DS1302_IO
             -0时，Data为0            
  73   2          }
  74   1          DS1302_CE = 0;
  75   1          DS1302_IO = 0; //能解决数据不稳定的问题
  76   1          return Data;
  77   1      }
  78          
  79          
  80          //设置DS1302时间
  81           void DS1302_SetTime(void)
  82           {  //十进制转BCD码后写入
  83   1          DS1302_WriteByte(DS1302_WP,0x00);
  84   1          DS1302_WriteByte(DS1302_YEAR,DS1302_Time[0]/10*16+DS1302_Time[0]%10);
  85   1        DS1302_WriteByte(DS1302_MONTH,DS1302_Time[1]/10*16+DS1302_Time[1]%10);
  86   1        DS1302_WriteByte(DS1302_DATE,DS1302_Time[2]/10*16+DS1302_Time[2]%10);
  87   1        DS1302_WriteByte(DS1302_HOUR,DS1302_Time[3]/10*16+DS1302_Time[3]%10);
  88   1        DS1302_WriteByte(DS1302_MINUTE,DS1302_Time[4]/10*16+DS1302_Time[4]%10);
  89   1        DS1302_WriteByte(DS1302_SECOND,DS1302_Time[5]/10*16+DS1302_Time[5]%10);
  90   1        DS1302_WriteByte(DS1302_DAY,DS1302_Time[6]/10*16+DS1302_Time[6]%10);
  91   1        DS1302_WriteByte(DS1302_WP,0x80);
  92   1       }
  93          
  94          //读取DS1302时间
  95           void DS1302_ReadTime(void)
  96           {  //BCD码转十进制后读取
  97   1        unsigned char Temp;
  98   1        Temp=DS1302_ReadByte(DS1302_YEAR);
  99   1        DS1302_Time[0]=Temp/16*10+Temp%16;
 100   1        Temp=DS1302_ReadByte(DS1302_MONTH);
 101   1        DS1302_Time[1]=Temp/16*10+Temp%16;
 102   1        Temp=DS1302_ReadByte(DS1302_DATE);
 103   1        DS1302_Time[2]=Temp/16*10+Temp%16;
 104   1        Temp=DS1302_ReadByte(DS1302_HOUR);
 105   1        DS1302_Time[3]=Temp/16*10+Temp%16;
 106   1        Temp=DS1302_ReadByte(DS1302_MINUTE);
 107   1        DS1302_Time[4]=Temp/16*10+Temp%16;
 108   1        Temp=DS1302_ReadByte(DS1302_SECOND);
 109   1        DS1302_Time[5]=Temp/16*10+Temp%16;
 110   1        Temp=DS1302_ReadByte(DS1302_DAY);
 111   1        DS1302_Time[6]=Temp/16*10+Temp%16;
 112   1       }
C51 COMPILER V9.54   DS1302                                                                10/23/2023 14:43:31 PAGE 3   

 113           
 114           
 115            /*
 116              设置可调时钟的函数如下，与初始化DS1302模块化并不冲突，如果冲突可放在主
             -函数中
 117           */
 118          
 119          unsigned char TimeSelect,TimeSetFlashFlag;
 120          
 121          void TimeShow(void)
 122          {
 123   1        DS1302_ReadTime();//读取时间
 124   1        LCD_ShowNum(1,1,DS1302_Time[0],2);//显示年
 125   1        LCD_ShowNum(1,4,DS1302_Time[1],2);//显示月
 126   1        LCD_ShowNum(1,7,DS1302_Time[2],2);//显示日
 127   1        LCD_ShowNum(2,1,DS1302_Time[3],2);//显示时
 128   1        LCD_ShowNum(2,4,DS1302_Time[4],2);//显示分
 129   1        LCD_ShowNum(2,7,DS1302_Time[5],2);//显示秒
 130   1      }
 131          
 132          
 133          void TimeSet(unsigned char KeyNum)
 134          {   
 135   1          //选择数组位置
 136   1          if(KeyNum == 2)
 137   1          {
 138   2              TimeSelect++;
 139   2              TimeSelect %= 6;
 140   2          }
 141   1          //加对应的值
 142   1          if(KeyNum == 3)
 143   1          {
 144   2              DS1302_Time[TimeSelect]++;
 145   2              if(DS1302_Time[0]>99){DS1302_Time[0]=0;}//年越界判断
 146   2          if(DS1302_Time[1]>12){DS1302_Time[1]=1;}//月越界判断
 147   2          if( DS1302_Time[1]==1 || DS1302_Time[1]==3 || DS1302_Time[1]==5 || DS1302_Time[1]==7 || 
 148   2            DS1302_Time[1]==8 || DS1302_Time[1]==10 || DS1302_Time[1]==12)//日越界判断
 149   2          {
 150   3            if(DS1302_Time[2]>31){DS1302_Time[2]=1;}//大月
 151   3          }
 152   2          else if(DS1302_Time[1]==4 || DS1302_Time[1]==6 || DS1302_Time[1]==9 || DS1302_Time[1]==11)
 153   2          {
 154   3            if(DS1302_Time[2]>30){DS1302_Time[2]=1;}//小月
 155   3          }
 156   2          else if(DS1302_Time[1]==2)
 157   2          {
 158   3            if(DS1302_Time[0]%4==0)
 159   3            {
 160   4              if(DS1302_Time[2]>29){DS1302_Time[2]=1;}//闰年2月
 161   4            }
 162   3            else
 163   3            {
 164   4              if(DS1302_Time[2]>28){DS1302_Time[2]=1;}//平年2月
 165   4            }
 166   3          }
 167   2          if(DS1302_Time[3]>23){DS1302_Time[3]=0;}//时越界判断
 168   2          if(DS1302_Time[4]>59){DS1302_Time[4]=0;}//分越界判断
 169   2          if(DS1302_Time[5]>59){DS1302_Time[5]=0;}//秒越界判断
 170   2          }
 171   1          //减对应的值
 172   1          if(KeyNum == 4)
 173   1          {
C51 COMPILER V9.54   DS1302                                                                10/23/2023 14:43:31 PAGE 4   

 174   2              DS1302_Time[TimeSelect]--;
 175   2              if(DS1302_Time[0]<0){DS1302_Time[0]=99;}//年越界判断
 176   2          if(DS1302_Time[1]<1){DS1302_Time[1]=12;}//月越界判断
 177   2          if( DS1302_Time[1]==1 || DS1302_Time[1]==3 || DS1302_Time[1]==5 || DS1302_Time[1]==7 || 
 178   2            DS1302_Time[1]==8 || DS1302_Time[1]==10 || DS1302_Time[1]==12)//日越界判断
 179   2          {
 180   3            if(DS1302_Time[2]<1){DS1302_Time[2]=31;}//大月
 181   3            if(DS1302_Time[2]>31){DS1302_Time[2]=1;}
 182   3          }
 183   2          else if(DS1302_Time[1]==4 || DS1302_Time[1]==6 || DS1302_Time[1]==9 || DS1302_Time[1]==11)
 184   2          {
 185   3            if(DS1302_Time[2]<1){DS1302_Time[2]=30;}//小月
 186   3            if(DS1302_Time[2]>30){DS1302_Time[2]=1;}
 187   3          }
 188   2          else if(DS1302_Time[1]==2)
 189   2          {
 190   3            if(DS1302_Time[0]%4==0)
 191   3            {
 192   4              if(DS1302_Time[2]<1){DS1302_Time[2]=29;}//闰年2月
 193   4              if(DS1302_Time[2]>29){DS1302_Time[2]=1;}
 194   4            }
 195   3            else
 196   3            {
 197   4              if(DS1302_Time[2]<1){DS1302_Time[2]=28;}//平年2月
 198   4              if(DS1302_Time[2]>28){DS1302_Time[2]=1;}
 199   4            }
 200   3          }
 201   2          if(DS1302_Time[3]<0){DS1302_Time[3]=23;}//时越界判断
 202   2          if(DS1302_Time[4]<0){DS1302_Time[4]=59;}//分越界判断
 203   2          if(DS1302_Time[5]<0){DS1302_Time[5]=59;}//秒越界判断
 204   2          }
 205   1          if(TimeSelect==0 && TimeSetFlashFlag==1){LCD_ShowString(1,1,"  ");}
 206   1          else {LCD_ShowNum(1,1,DS1302_Time[0],2);}
 207   1          if(TimeSelect==1 && TimeSetFlashFlag==1){LCD_ShowString(1,4,"  ");}
 208   1          else {LCD_ShowNum(1,4,DS1302_Time[1],2);}
 209   1          if(TimeSelect==2 && TimeSetFlashFlag==1){LCD_ShowString(1,7,"  ");}
 210   1          else {LCD_ShowNum(1,7,DS1302_Time[2],2);}
 211   1          if(TimeSelect==3 && TimeSetFlashFlag==1){LCD_ShowString(2,1,"  ");}
 212   1          else {LCD_ShowNum(2,1,DS1302_Time[3],2);}
 213   1          if(TimeSelect==4 && TimeSetFlashFlag==1){LCD_ShowString(2,4,"  ");}
 214   1          else {LCD_ShowNum(2,4,DS1302_Time[4],2);}
 215   1          if(TimeSelect==5 && TimeSetFlashFlag==1){LCD_ShowString(2,7,"  ");}
 216   1          else {LCD_ShowNum(2,7,DS1302_Time[5],2);}
 217   1      
 218   1      }
 219          
 220          void Timer0_Routine() interrupt 1
 221          {
 222   1        static unsigned int T0Count;
 223   1        TL0 = 0x18;   //??????
 224   1        TH0 = 0xFC;   //??????
 225   1        T0Count++;
 226   1        if(T0Count>=500)//?500ms????
 227   1        {
 228   2          T0Count=0;
 229   2          TimeSetFlashFlag=!TimeSetFlashFlag;//???????
 230   2        }
 231   1      }


MODULE INFORMATION:   STATIC OVERLAYABLE
   CODE SIZE        =   1370    ----
C51 COMPILER V9.54   DS1302                                                                10/23/2023 14:43:31 PAGE 5   

   CONSTANT SIZE    =      3    ----
   XDATA SIZE       =   ----    ----
   PDATA SIZE       =   ----    ----
   DATA SIZE        =     11       2
   IDATA SIZE       =   ----    ----
   BIT SIZE         =   ----    ----
END OF MODULE INFORMATION.


C51 COMPILATION COMPLETE.  0 WARNING(S),  0 ERROR(S)
