C51 COMPILER V9.54   LCD1602                                                               10/23/2023 14:43:31 PAGE 1   


C51 COMPILER V9.54, COMPILATION OF MODULE LCD1602
OBJECT MODULE PLACED IN .\Objects\LCD1602.obj
COMPILER INVOKED BY: D:\c51\C51\BIN\C51.EXE LCD1602.c OPTIMIZE(8,SPEED) BROWSE DEBUG OBJECTEXTEND PRINT(.\Listings\LCD16
                    -02.lst) TABS(2) OBJECT(.\Objects\LCD1602.obj)

line level    source

   1          #include <REGX52.H>
   2          #include <delay.h>
   3          
   4          sbit LCD_RS = P3^0;       //  RS: æ•°æ®/æŒ‡ä»¤ç«¯ï¼Œ1ä¸ºæ•°æ®ï¼Œ0ä¸ºæŒ‡ä»¤
   5          sbit LCD_RW = P3^1;       //  RW: è¯»å†™/å†™ç«¯ï¼Œ1ä¸ºè¯»ï¼Œ0ä¸ºå†™
   6          sbit LCD_E  = P3^2;       //  Eï¼š  ä½¿1æ•°æ®æœ‰æ•ˆï¼Œä¸‹é™æ²¿æ‰§è¡Œå‘½ä»¤
   7          
   8          #define LCD_DataPort P2   ////æ•°æ®è¾“å…¥ç«¯ï¼Œä¼ 16è¿›åˆ¶æ•°ï¼Œ0000 0000 
   9          
  10          /** 
  11            * @brief  1.å»¶è¿Ÿå‡½æ•°
  12            * @param  xmsä¸ºæ‰€éœ€çš„å»¶è¿Ÿæ—¶é—´(å•ä½ï¼šms)
  13            * @retval Delay(xms)ä½œç”¨äºç­‰å¾…æˆ–æ¶ˆé™¤æ—¶é—´å¯¹ç¨‹åºçš„å½±å“,æ ¹æ®å•ç‰‡æœºæ™¶æŒ¯é¢‘ç‡è®¡ç®—å¾
             -—æ¥
  14            */
  15          
  16          
  17          
  18            
  19          /** 
  20            * @brief  3.LCD1602æ¶²æ™¶æ˜¾ç¤ºå±æ¨¡å—åŒ–
  21            * @include 3.1 å†™å…¥åŠŸèƒ½æŒ‡ä»¤ï¼ŒLCD1602å™¨ä»¶æœ‰æŒ‡ä»¤é›†           3.2å†™å…¥æ•°æ®
  22            *          3.3å¯¹LCDè¿›è¡Œåˆå§‹åŒ–                               3.4é€‰å®šå±å¹•ä½ç½®
  23            *          3.6å±•ç¤ºå­—ç¬¦ä¸²                                   3.7å±•ç¤ºæ— ç¬¦å·çš„æ•°å­— 
  24            *          3.8.å±•ç¤ºç¬¦å·çš„æ•°å­—
  25            */
  26          
  27          /** 
  28            * @brief   3.1å†™å…¥åŠŸèƒ½æŒ‡ä»¤ï¼ŒLCD1602å™¨ä»¶æœ‰æŒ‡ä»¤é›†
  29            * @param   Commandä¸ºå†™å…¥æŒ‡å®šå†…å®¹
  30            * @retval  LCD_WriteCommand(Command)å†™å…¥åŠŸèƒ½æŒ‡ä»¤ï¼Œå¯¹LCD1602è¿›è¡Œåˆå§‹åŒ–  
  31            */
  32          
  33          void LCD_WriteCommand(unsigned char Command)
  34          { 
  35   1        //æ ¹æ®å†™å…¥æ•°æ®/æŒ‡ä»¤(æ—¶åºç»“æ„)
  36   1        
  37   1        LCD_RS = 0;               // 0ä¸ºæŒ‡ä»¤
  38   1        LCD_RW = 0;               // 0ä¸ºå†™å…¥
  39   1        LCD_DataPort = Command;         // å†™å…¥æŒ‡å®šå†…å®¹
  40   1        LCD_E  = 1;               // ä¸‹é™æ²¿æ‰§è¡Œå‘½ä»¤
  41   1        Delay(1);               
  42   1        LCD_E  = 0;
  43   1        Delay(1);
  44   1      }
  45          
  46          
  47          /** 
  48            * @brief   //3.2å†™å…¥æ•°æ®
  49            * @param   Dataä¸ºå†™å…¥æŒ‡å®šå†…å®¹
  50            * @retval  LCD_WriteData(Data)å†™å…¥æ•°æ®å†…å®¹
  51            */
  52          
  53          void LCD_WriteData(unsigned char Data)
C51 COMPILER V9.54   LCD1602                                                               10/23/2023 14:43:31 PAGE 2   

  54          {
  55   1        LCD_RS = 1;               // 1ä¸ºæŒ‡ä»¤
  56   1        LCD_RW = 0;               // 0ä¸ºå†™å…¥
  57   1        LCD_DataPort = Data;          // å†™å…¥æŒ‡å®šå†…å®¹
  58   1        LCD_E  = 1;               // ä¸‹é™æ²¿æ‰§è¡Œå‘½?
  59   1        Delay(1);               // æ‰§è¡ŒæŒ‡ä»¤çš„æ—¶é—´ä¸ºmsçº§
  60   1        LCD_E  = 0;               // è€ŒEçš„æ‰§è¡Œæ—¶é—´ä¸ºnsçº§ ,æ‰€ä»¥è¦å»¶è¿Ÿä»¥é˜²Eæ‰§è¡Œè¿‡å¿«
  61   1        Delay(1);               // å‰é¢çš„Delay1mséƒ½ä¸èƒ½å°‘ï¼Œå°‘äº†å°±é€šä¿¡ä¸äº†
  62   1      }
  63          
  64          /** 
  65            * @brief   //3.3å¯¹LCDè¿›è¡Œåˆå§‹åŒ–
  66            * @param   æ— 
  67            * @retval  LCD_Init(void)å¯¹LCDé€‰å®šæ‰€éœ€åŠŸèƒ½ä¸€äº›æŒ‡ä»¤
  68            */
  69          
  70          void LCD_Init(void)
  71          {
  72   1        //é€‰å®šæ‰€éœ€åŠŸèƒ½
  73   1        LCD_WriteCommand(0x38);
  74   1        LCD_WriteCommand(0x0C);
  75   1        LCD_WriteCommand(0x06);
  76   1        LCD_WriteCommand(0x01);
  77   1      }
  78          
  79          /** 
  80            * @brief   //3.4é€‰å®šå±å¹•ä½ç½®
  81            * @param   Lineæ˜¯é€‰å®šLCDçš„è¡Œ  Columnæ˜¯é€‰å®šLCDåˆ—çš„
  82            * @retval  LCD_Pleace(Line,Column)é€‰å®šLCDå±å¹•ä½ç½®
  83            */
  84          
  85          void LCD_Pleace(unsigned char Line,unsigned char Column)
  86          {
  87   1        if(Line == 1)
  88   1        {
  89   2          LCD_WriteCommand(0x80|(Column-1));      //è®¾ç½®æ•°æ®ä½ç½®(å…‰æ ‡ä½ç½®)
  90   2        }
  91   1        else
  92   1        {
  93   2          LCD_WriteCommand(0x80|(Column-1)+0x40);
  94   2        }
  95   1      }
  96          
  97          /** 
  98            * @brief   //3.5å±•ç¤ºå•å­—èŠ‚
  99            */
 100          
 101          void LCD_ShowChar(unsigned char Line,unsigned char Column,unsigned char Char)
 102          {
 103   1        LCD_Pleace(Line,Column);
 104   1        LCD_WriteData(Char);
 105   1      }
 106          
 107          /** 
 108            * @brief   //3.6å±•ç¤ºå­—ç¬¦ä¸²
 109            */
 110           
 111          void LCD_ShowString(unsigned char Line,unsigned char Column,unsigned char*String)
 112          {
 113   1        unsigned char i;
 114   1        LCD_Pleace(Line,Column);
 115   1        for(i=0;String[i]!='\0';i++)
C51 COMPILER V9.54   LCD1602                                                               10/23/2023 14:43:31 PAGE 3   

 116   1        {
 117   2          LCD_WriteData(String[i]);
 118   2        }
 119   1      }
 120          
 121          /** 
 122            * @brief   //3.6Powå¹³æ–¹è¿ç®—(åŠŸèƒ½å‡½æ•°)
 123            */
 124          
 125          int LCD_Pow(int X,int Y)
 126          {
 127   1        unsigned char i;
 128   1        int Result = 1;
 129   1        for(i=0;i<Y;i++)
 130   1        {
 131   2          Result*=X;
 132   2        }
 133   1        return Result;
 134   1      }
 135          
 136          /** 
 137            * @brief  3.7å±•ç¤ºæ— ç¬¦å·çš„æ•°å­—
 138            */
 139          
 140          void LCD_ShowNum(unsigned char Line,unsigned Column,unsigned int Number,unsigned char Length)
 141          {
 142   1        unsigned char i;
 143   1        LCD_Pleace(Line,Column);
 144   1        for(i=Length;i>0;i--)
 145   1        {
 146   2          LCD_WriteData(Number/LCD_Pow(10,i-1)%10+'0'); //å¾—åˆ°æ•´æ•°çš„æ¯ä¸ªæ•°å­—
 147   2        }
 148   1      }
 149          
 150          /** 
 151            * @brief  3.8.å±•ç¤ºç¬¦å·çš„æ•°
 152            */


MODULE INFORMATION:   STATIC OVERLAYABLE
   CODE SIZE        =    239    ----
   CONSTANT SIZE    =   ----    ----
   XDATA SIZE       =   ----    ----
   PDATA SIZE       =   ----    ----
   DATA SIZE        =   ----      17
   IDATA SIZE       =   ----    ----
   BIT SIZE         =   ----    ----
END OF MODULE INFORMATION.


C51 COMPILATION COMPLETE.  0 WARNING(S),  0 ERROR(S)
