C51 COMPILER V9.54   MAIN                                                                  10/22/2023 14:35:18 PAGE 1   


C51 COMPILER V9.54, COMPILATION OF MODULE MAIN
OBJECT MODULE PLACED IN .\Objects\main.obj
COMPILER INVOKED BY: D:\c51\C51\BIN\C51.EXE main.c OPTIMIZE(8,SPEED) BROWSE DEBUG OBJECTEXTEND PRINT(.\Listings\main.lst
                    -) TABS(2) OBJECT(.\Objects\main.obj)

line level    source

   1          #include <REGX52.H>
   2          #include <LCD1602.H>
   3          
   4          void Delay(unsigned int xms)    //@12.000MHz
   5          {
   6   1        unsigned char i, j;
   7   1        while(xms)
   8   1        {
   9   2          i = 2;
  10   2          j = 239;
  11   2          do
  12   2          {
  13   3            while (--j);
  14   3          }while (--i);
  15   2          xms--;
  16   2        } 
  17   1      }
  18          
  19          
  20          
  21          void UartInit(void)   //9600bps@11.0592MHz
  22          {
  23   1        PCON &= 0x7F;
  24   1        SCON = 0x50;
  25   1        TMOD &= 0x0F; 
  26   1        TMOD |= 0x20;   
  27   1        TL1 = 0xFD; 
  28   1        TH1 = 0xFD;   
  29   1        ET1 = 0;    
  30   1        TR1 = 1;    
  31   1      }
  32          
  33          
  34          
  35          void UART_SendByte(unsigned char Byte)
  36          {
  37   1        SBUF = Byte;
  38   1        while(T1==0); //当内容发送结束时，硬件自动置1，就已经向主机请求中断，但中断电路没有配置
  39   1        T1=0;         //软件恢复置0；
  40   1        
  41   1      }
  42          
  43          void main()
  44          {
  45   1        UartInit();
  46   1        
  47   1        while(1)
  48   1        {
  49   2        UART_SendByte(0x66);
  50   2        }
  51   1      }


MODULE INFORMATION:   STATIC OVERLAYABLE
C51 COMPILER V9.54   MAIN                                                                  10/22/2023 14:35:18 PAGE 2   

   CODE SIZE        =     61    ----
   CONSTANT SIZE    =   ----    ----
   XDATA SIZE       =   ----    ----
   PDATA SIZE       =   ----    ----
   DATA SIZE        =   ----    ----
   IDATA SIZE       =   ----    ----
   BIT SIZE         =   ----    ----
END OF MODULE INFORMATION.


C51 COMPILATION COMPLETE.  0 WARNING(S),  0 ERROR(S)
