Build target 'Target 1'
linking...
*** ERROR L104: MULTIPLE PUBLIC DEFINITIONS
    SYMBOL:  KEY_KEYNUMBER
    MODULE:  .\Objects\Better_Small_Key.obj (BETTER_SMALL_KEY)

*** ERROR L104: MULTIPLE PUBLIC DEFINITIONS
    SYMBOL:  KEY
    MODULE:  .\Objects\Better_Small_Key.obj (BETTER_SMALL_KEY)

*** ERROR L104: MULTIPLE PUBLIC DEFINITIONS
    SYMBOL:  KEY_LOOP
    MODULE:  .\Objects\Better_Small_Key.obj (BETTER_SMALL_KEY)

*** ERROR L104: MULTIPLE PUBLIC DEFINITIONS
    SYMBOL:  SMALLKEY
    MODULE:  .\Objects\Better_Small_Key.obj (BETTER_SMALL_KEY)

*** ERROR L104: MULTIPLE PUBLIC DEFINITIONS
    SYMBOL:  NIXIETABLE
    MODULE:  .\Objects\Better_Nixie.obj (BETTER_NIXIE)

*** ERROR L104: MULTIPLE PUBLIC DEFINITIONS
    SYMBOL:  NIXIE_BUF
    MODULE:  .\Objects\Better_Nixie.obj (BETTER_NIXIE)

*** ERROR L104: MULTIPLE PUBLIC DEFINITIONS
    SYMBOL:  _NIXIE_SETBUF
    MODULE:  .\Objects\Better_Nixie.obj (BETTER_NIXIE)

*** ERROR L104: MULTIPLE PUBLIC DEFINITIONS
    SYMBOL:  NIXIE_LOOP
    MODULE:  .\Objects\Better_Nixie.obj (BETTER_NIXIE)

*** ERROR L104: MULTIPLE PUBLIC DEFINITIONS
    SYMBOL:  _NIXIE
    MODULE:  .\Objects\Better_Nixie.obj (BETTER_NIXIE)

*** WARNING L16: UNCALLED SEGMENT, IGNORED FOR OVERLAY PROCESS
    SEGMENT: ?PR?TIMER0_INIT_NOWORK?TIMER0

*** WARNING L16: UNCALLED SEGMENT, IGNORED FOR OVERLAY PROCESS
    SEGMENT: ?PR?_TIMER0_SETCOUNTER?TIMER0

*** WARNING L16: UNCALLED SEGMENT, IGNORED FOR OVERLAY PROCESS
    SEGMENT: ?PR?TIMER0_GETCOUNTER?TIMER0

*** WARNING L16: UNCALLED SEGMENT, IGNORED FOR OVERLAY PROCESS
    SEGMENT: ?PR?_TIMER0_RUN?TIMER0

*** WARNING L16: UNCALLED SEGMENT, IGNORED FOR OVERLAY PROCESS
    SEGMENT: ?PR?KEY_LOOP?BETTER_SMALL_KEY

*** WARNING L16: UNCALLED SEGMENT, IGNORED FOR OVERLAY PROCESS
    SEGMENT: ?PR?KEY?BETTER_SMALL_KEY

*** WARNING L16: UNCALLED SEGMENT, IGNORED FOR OVERLAY PROCESS
    SEGMENT: ?PR?NIXIE_LOOP?BETTER_NIXIE

*** WARNING L16: UNCALLED SEGMENT, IGNORED FOR OVERLAY PROCESS
    SEGMENT: ?PR?_NIXIE_SETBUF?BETTER_NIXIE

*** ERROR L118: REFERENCE MADE TO ERRONEOUS EXTERNAL
    SYMBOL:  KEY
    MODULE:  .\Objects\main.obj (MAIN)
    ADDRESS: 0804H

*** ERROR L118: REFERENCE MADE TO ERRONEOUS EXTERNAL
    SYMBOL:  _NIXIE_SETBUF
    MODULE:  .\Objects\main.obj (MAIN)
    ADDRESS: 0878H

*** ERROR L118: REFERENCE MADE TO ERRONEOUS EXTERNAL
    SYMBOL:  _NIXIE_SETBUF
    MODULE:  .\Objects\main.obj (MAIN)
    ADDRESS: 0888H

*** ERROR L118: REFERENCE MADE TO ERRONEOUS EXTERNAL
    SYMBOL:  _NIXIE_SETBUF
    MODULE:  .\Objects\main.obj (MAIN)
    ADDRESS: 0891H

*** ERROR L118: REFERENCE MADE TO ERRONEOUS EXTERNAL
    SYMBOL:  _NIXIE_SETBUF
    MODULE:  .\Objects\main.obj (MAIN)
    ADDRESS: 089FH

*** ERROR L118: REFERENCE MADE TO ERRONEOUS EXTERNAL
    SYMBOL:  _NIXIE_SETBUF
    MODULE:  .\Objects\main.obj (MAIN)
    ADDRESS: 08AFH

*** ERROR L118: REFERENCE MADE TO ERRONEOUS EXTERNAL
    SYMBOL:  _NIXIE_SETBUF
    MODULE:  .\Objects\main.obj (MAIN)
    ADDRESS: 08B8H

*** ERROR L118: REFERENCE MADE TO ERRONEOUS EXTERNAL
    SYMBOL:  _NIXIE_SETBUF
    MODULE:  .\Objects\main.obj (MAIN)
    ADDRESS: 08C6H

*** ERROR L118: REFERENCE MADE TO ERRONEOUS EXTERNAL
    SYMBOL:  _NIXIE_SETBUF
    MODULE:  .\Objects\main.obj (MAIN)
    ADDRESS: 08D6H

*** ERROR L118: REFERENCE MADE TO ERRONEOUS EXTERNAL
    SYMBOL:  KEY_LOOP
    MODULE:  .\Objects\main.obj (MAIN)
    ADDRESS: 0916H

*** ERROR L118: REFERENCE MADE TO ERRONEOUS EXTERNAL
    SYMBOL:  NIXIE_LOOP
    MODULE:  .\Objects\main.obj (MAIN)
    ADDRESS: 0930H

Program Size: data=72.0 xdata=0 code=1309
Target not created.
