C51 COMPILER V9.54   LCD1602                                                               10/22/2023 15:29:51 PAGE 1   


C51 COMPILER V9.54, COMPILATION OF MODULE LCD1602
OBJECT MODULE PLACED IN .\Objects\LCD1602.obj
COMPILER INVOKED BY: D:\c51\C51\BIN\C51.EXE LCD1602.c OPTIMIZE(8,SPEED) BROWSE DEBUG OBJECTEXTEND PRINT(.\Listings\LCD16
                    -02.lst) TABS(2) OBJECT(.\Objects\LCD1602.obj)

line level    source

   1          #include <REGX52.H>
   2          #include <Delay.h>
   3          sbit LCD_RS = P1^0;       //  RS: æ•°æ®/æŒ‡ä»¤ç«¯ï¼Œ1ä¸ºæ•°æ®ï¼Œ0ä¸ºæŒ‡ä»¤
   4          sbit LCD_RW = P1^1;       //  RW: è¯»å†™/å†™ç«¯ï¼Œ1ä¸ºè¯»ï¼Œ0ä¸ºå†™
   5          sbit LCD_E  = P1^2;       //  Eï¼š  ä½¿1æ•°æ®æœ‰æ•ˆï¼Œä¸‹é™æ²¿æ‰§è¡Œå‘½ä»¤
   6          
   7          #define LCD_DataPort P2   ////æ•°æ®è¾“å…¥ç«¯ï¼Œä¼ 16è¿›åˆ¶æ•°ï¼Œ0000 0000 
   8          
   9          /** 
  10            * @brief  1.å»¶è¿Ÿå‡½æ•°
  11            * @param  xmsä¸ºæ‰€éœ€çš„å»¶è¿Ÿæ—¶é—´(å•ä½ï¼šms)
  12            * @retval Delay(xms)ä½œç”¨äºç­‰å¾…æˆ–æ¶ˆé™¤æ—¶é—´å¯¹ç¨‹åºçš„å½±å“,æ ¹æ®å•ç‰‡æœºæ™¶æŒ¯é¢‘ç‡è®¡ç®—å¾
             -—æ¥
  13            */
  14          
  15            
  16          /** 
  17            * @brief  3.LCD1602æ¶²æ™¶æ˜¾ç¤ºå±æ¨¡å—åŒ–
  18            * @include 3.1 å†™å…¥åŠŸèƒ½æŒ‡ä»¤ï¼ŒLCD1602å™¨ä»¶æœ‰æŒ‡ä»¤é›†           3.2å†™å…¥æ•°æ®
  19            *          3.3å¯¹LCDè¿›è¡Œåˆå§‹åŒ–                               3.4é€‰å®šå±å¹•ä½ç½®
  20            *          3.6å±•ç¤ºå­—ç¬¦ä¸²                                   3.7å±•ç¤ºæ— ç¬¦å·çš„æ•°å­— 
  21            *          3.8.å±•ç¤ºç¬¦å·çš„æ•°å­—
  22            */
  23          
  24          /** 
  25            * @brief   3.1å†™å…¥åŠŸèƒ½æŒ‡ä»¤ï¼ŒLCD1602å™¨ä»¶æœ‰æŒ‡ä»¤é›†
  26            * @param   Commandä¸ºå†™å…¥æŒ‡å®šå†…å®¹
  27            * @retval  LCD_WriteCommand(Command)å†™å…¥åŠŸèƒ½æŒ‡ä»¤ï¼Œå¯¹LCD1602è¿›è¡Œåˆå§‹åŒ–  
  28            */
  29          
  30          void LCD_WriteCommand(unsigned char Command)
  31          { 
  32   1        //æ ¹æ®å†™å…¥æ•°æ®/æŒ‡ä»¤(æ—¶åºç»“æ„)
  33   1        
  34   1        LCD_RS = 0;               // 0ä¸ºæŒ‡ä»¤
  35   1        LCD_RW = 0;               // 0ä¸ºå†™å…¥
  36   1        LCD_DataPort = Command;         // å†™å…¥æŒ‡å®šå†…å®¹
  37   1        LCD_E  = 1;               // ä¸‹é™æ²¿æ‰§è¡Œå‘½ä»¤
  38   1        Delay(1);               
  39   1        LCD_E  = 0;
  40   1        Delay(1);
  41   1      }
  42          
  43          
  44          /** 
  45            * @brief   //3.2å†™å…¥æ•°æ®
  46            * @param   Dataä¸ºå†™å…¥æŒ‡å®šå†…å®¹
  47            * @retval  LCD_WriteData(Data)å†™å…¥æ•°æ®å†…å®¹
  48            */
  49          
  50          void LCD_WriteData(unsigned char Data)
  51          {
  52   1        LCD_RS = 1;               // 1ä¸ºæŒ‡ä»¤
  53   1        LCD_RW = 0;               // 0ä¸ºå†™å…¥
C51 COMPILER V9.54   LCD1602                                                               10/22/2023 15:29:51 PAGE 2   

  54   1        LCD_DataPort = Data;          // å†™å…¥æŒ‡å®šå†…å®¹
  55   1        LCD_E  = 1;               // ä¸‹é™æ²¿æ‰§è¡Œå‘½?
  56   1        Delay(1);               // æ‰§è¡ŒæŒ‡ä»¤çš„æ—¶é—´ä¸ºmsçº§
  57   1        LCD_E  = 0;               // è€ŒEçš„æ‰§è¡Œæ—¶é—´ä¸ºnsçº§ ,æ‰€ä»¥è¦å»¶è¿Ÿä»¥é˜²Eæ‰§è¡Œè¿‡å¿«
  58   1        Delay(1);               // å‰é¢çš„Delay1mséƒ½ä¸èƒ½å°‘ï¼Œå°‘äº†å°±é€šä¿¡ä¸äº†
  59   1      }
  60          
  61          /** 
  62            * @brief   //3.3å¯¹LCDè¿›è¡Œåˆå§‹åŒ–
  63            * @param   æ— 
  64            * @retval  LCD_Init(void)å¯¹LCDé€‰å®šæ‰€éœ€åŠŸèƒ½ä¸€äº›æŒ‡ä»¤
  65            */
  66          
  67          void LCD_Init(void)
  68          {
  69   1        //é€‰å®šæ‰€éœ€åŠŸèƒ½
  70   1        LCD_WriteCommand(0x38);
  71   1        LCD_WriteCommand(0x0C);
  72   1        LCD_WriteCommand(0x06);
  73   1        LCD_WriteCommand(0x01);
  74   1      }
  75          
  76          /** 
  77            * @brief   //3.4é€‰å®šå±å¹•ä½ç½®
  78            * @param   Lineæ˜¯é€‰å®šLCDçš„è¡Œ  Columnæ˜¯é€‰å®šLCDåˆ—çš„
  79            * @retval  LCD_Pleace(Line,Column)é€‰å®šLCDå±å¹•ä½ç½®
  80            */
  81          
  82          void LCD_Pleace(unsigned char Line,unsigned char Column)
  83          {
  84   1        if(Line == 1)
  85   1        {
  86   2          LCD_WriteCommand(0x80|(Column-1));      //è®¾ç½®æ•°æ®ä½ç½®(å…‰æ ‡ä½ç½®)
  87   2        }
  88   1        else
  89   1        {
  90   2          LCD_WriteCommand(0x80|(Column-1)+0x40);
  91   2        }
  92   1      }
  93          
  94          /** 
  95            * @brief   //3.5å±•ç¤ºå•å­—èŠ‚
  96            */
  97          
  98          void LCD_ShowChar(unsigned char Line,unsigned char Column,unsigned char Char)
  99          {
 100   1        LCD_Pleace(Line,Column);
 101   1        LCD_WriteData(Char);
 102   1      }
 103          
 104          /** 
 105            * @brief   //3.6å±•ç¤ºå­—ç¬¦ä¸²
 106            */
 107           
 108          void LCD_ShowString(unsigned char Line,unsigned char Column,unsigned char*String)
 109          {
 110   1        unsigned char i;
 111   1        LCD_Pleace(Line,Column);
 112   1        for(i=0;String[i]!='\0';i++)
 113   1        {
 114   2          LCD_WriteData(String[i]);
 115   2        }
C51 COMPILER V9.54   LCD1602                                                               10/22/2023 15:29:51 PAGE 3   

 116   1      }
 117          
 118          /** 
 119            * @brief   //3.6Powå¹³æ–¹è¿ç®—(åŠŸèƒ½å‡½æ•°)
 120            */
 121          
 122          int LCD_Pow(int X,int Y)
 123          {
 124   1        unsigned char i;
 125   1        int Result = 1;
 126   1        for(i=0;i<Y;i++)
 127   1        {
 128   2          Result*=X;
 129   2        }
 130   1        return Result;
 131   1      }
 132          
 133          /** 
 134            * @brief  3.7å±•ç¤ºæ— ç¬¦å·çš„æ•°å­—
 135            */
 136          
 137          void LCD_ShowNum(unsigned char Line,unsigned Column,unsigned int Number,unsigned char Length)
 138          {
 139   1        unsigned char i;
 140   1        LCD_Pleace(Line,Column);
 141   1        for(i=Length;i>0;i--)
 142   1        {
 143   2          LCD_WriteData(Number/LCD_Pow(10,i-1)%10+'0'); //å¾—åˆ°æ•´æ•°çš„æ¯ä¸ªæ•°å­—
 144   2        }
 145   1      }
 146          
 147          /** 
 148            * @brief  3.8.å±•ç¤ºç¬¦å·çš„æ•°
 149            */
 150          
 151          void LCD_ShowSignedNum(unsigned char Line,unsigned char Column,int Number,unsigned char Length)
 152          {
 153   1        unsigned char i;
 154   1        int Number1;
 155   1        LCD_Pleace(Line,Column);
 156   1        if(Number>=0)
 157   1        {
 158   2          LCD_WriteData('+');
 159   2          Number1=Number;
 160   2        }
 161   1        else
 162   1        {
 163   2          LCD_WriteData('-');
 164   2          Number1=-Number;
 165   2        }
 166   1        for(i=Length;i>0;i--)
 167   1        {
 168   2          //è¿™é‡Œè®¡ç®—çš„åè¿›åˆ¶æ•°ï¼Œè¦å±•ç¤ºæ•°å­—è¦å¯¹åº”è¡¨çš„æ•°å€¼ï¼Œæ‰€ä»¥è¦åŠ '0'
 169   2          LCD_WriteData(Number1/LCD_Pow(10,i-1)%10+'0');  //å¾—åˆ°æ•´æ•°çš„æ¯ä¸ªæ•°å­—
 170   2        }
 171   1      }


MODULE INFORMATION:   STATIC OVERLAYABLE
   CODE SIZE        =    331    ----
   CONSTANT SIZE    =   ----    ----
   XDATA SIZE       =   ----    ----
C51 COMPILER V9.54   LCD1602                                                               10/22/2023 15:29:51 PAGE 4   

   PDATA SIZE       =   ----    ----
   DATA SIZE        =   ----      25
   IDATA SIZE       =   ----    ----
   BIT SIZE         =   ----    ----
END OF MODULE INFORMATION.


C51 COMPILATION COMPLETE.  0 WARNING(S),  0 ERROR(S)
