C51 COMPILER V9.54   MAIN                                                                  10/22/2023 15:29:51 PAGE 1   


C51 COMPILER V9.54, COMPILATION OF MODULE MAIN
OBJECT MODULE PLACED IN .\Objects\main.obj
COMPILER INVOKED BY: D:\c51\C51\BIN\C51.EXE main.c OPTIMIZE(8,SPEED) BROWSE DEBUG OBJECTEXTEND PRINT(.\Listings\main.lst
                    -) TABS(2) OBJECT(.\Objects\main.obj)

line level    source

   1          #include <REGX52.H>
   2          #include <LCD1602.H>
   3          
   4          void UART_Init()
   5          { 
   6   1      PCON &= 0x7F;
   7   1        SCON = 0x50;
   8   1        TMOD &= 0x0F; 
   9   1        TMOD |= 0x20;   
  10   1        TL1 = 0xFD; 
  11   1        TH1 = 0xFD;   
  12   1        ET1 = 0;    
  13   1        TR1 = 1;      
  14   1        
  15   1        //打开中断，执行中断代码
  16   1        EA=1;
  17   1        ES=1;
  18   1        
  19   1      }
  20          
  21          
  22          void main()
  23          {
  24   1        UART_Init();
  25   1        LCD_Init();
  26   1        
  27   1        while(1)
  28   1        {
  29   2        LCD_ShowChar(2,1,'f');
  30   2        }
  31   1      }
  32          
  33          //运用传过来的数据进行操作控制
  34          void UART_Routine() interrupt 4
  35          {
  36   1        if(RI=1)
*** WARNING C276 IN LINE 36 OF main.c: constant in condition expression
  37   1        {
  38   2          P2= SBUF;
  39   2          LCD_ShowChar(2,1,SBUF);
  40   2          RI=0;
  41   2        }
  42   1      }
  43          


MODULE INFORMATION:   STATIC OVERLAYABLE
   CODE SIZE        =    117    ----
   CONSTANT SIZE    =   ----    ----
   XDATA SIZE       =   ----    ----
   PDATA SIZE       =   ----    ----
   DATA SIZE        =   ----    ----
   IDATA SIZE       =   ----    ----
   BIT SIZE         =   ----    ----
C51 COMPILER V9.54   MAIN                                                                  10/22/2023 15:29:51 PAGE 2   

END OF MODULE INFORMATION.


C51 COMPILATION COMPLETE.  1 WARNING(S),  0 ERROR(S)
